2025-03-14 00:12:25 - WARNING - email_processor - process_mbox_files - No .mbox files found in directory: data
2025-03-14 00:12:25 - INFO - utils - display_statistics - ==================================================
2025-03-14 00:12:25 - INFO - utils - display_statistics - Processing Statistics:
2025-03-14 00:12:25 - INFO - utils - display_statistics - - Files processed: 0
2025-03-14 00:12:25 - INFO - utils - display_statistics - - Emails processed: 0
2025-03-14 00:12:25 - INFO - utils - display_statistics - - Total execution time: 0.01 seconds
2025-03-14 00:12:25 - INFO - utils - display_statistics - ==================================================
2025-03-14 00:13:06 - INFO - email_processor - process_mbox_files - Found 1 .mbox files to process
2025-03-14 00:13:13 - INFO - email_processor - process_mbox_files - Inserted 203 emails from data/Stone Legal Archive.mbox
2025-03-14 00:13:13 - INFO - utils - display_statistics - ==================================================
2025-03-14 00:13:13 - INFO - utils - display_statistics - Processing Statistics:
2025-03-14 00:13:13 - INFO - utils - display_statistics - - Files processed: 1
2025-03-14 00:13:13 - INFO - utils - display_statistics - - Emails processed: 203
2025-03-14 00:13:13 - INFO - utils - display_statistics - - Processing speed: 30.94 emails/second
2025-03-14 00:13:13 - INFO - utils - display_statistics - - Total execution time: 6.56 seconds
2025-03-14 00:13:13 - INFO - utils - display_statistics - ==================================================
2025-03-14 00:15:11 - INFO - email_processor - process_mbox_files - Found 1 .mbox files to process
2025-03-14 00:15:18 - INFO - email_processor - process_mbox_files - Inserted 0 emails from data/Stone Legal Archive.mbox
2025-03-14 00:15:18 - INFO - utils - display_statistics - ==================================================
2025-03-14 00:15:18 - INFO - utils - display_statistics - Processing Statistics:
2025-03-14 00:15:18 - INFO - utils - display_statistics - - Files processed: 1
2025-03-14 00:15:18 - INFO - utils - display_statistics - - Emails processed: 203
2025-03-14 00:15:18 - INFO - utils - display_statistics - - Processing speed: 31.03 emails/second
2025-03-14 00:15:18 - INFO - utils - display_statistics - - Total execution time: 6.54 seconds
2025-03-14 00:15:18 - INFO - utils - display_statistics - ==================================================
2025-03-14 01:28:32 - INFO - email_processor - process_mbox_files - Found 1 .mbox files to process
2025-03-14 01:28:38 - INFO - email_processor - process_mbox_files - Inserted 0 emails from data/Stone Legal Archive.mbox
2025-03-14 01:28:38 - INFO - utils - display_statistics - ==================================================
2025-03-14 01:28:38 - INFO - utils - display_statistics - Processing Statistics:
2025-03-14 01:28:38 - INFO - utils - display_statistics - - Files processed: 1
2025-03-14 01:28:38 - INFO - utils - display_statistics - - Emails processed: 203
2025-03-14 01:28:38 - INFO - utils - display_statistics - - Processing speed: 31.44 emails/second
2025-03-14 01:28:38 - INFO - utils - display_statistics - - Total execution time: 6.46 seconds
2025-03-14 01:28:38 - INFO - utils - display_statistics - ==================================================
2025-03-14 01:44:21 - INFO - email_processor - process_mbox_files - Found 1 .mbox files to process
2025-03-14 01:44:28 - INFO - email_processor - process_mbox_files - Inserted 0 emails from data/Stone Legal Archive.mbox
2025-03-14 01:44:28 - INFO - utils - display_statistics - ==================================================
2025-03-14 01:44:28 - INFO - utils - display_statistics - Processing Statistics:
2025-03-14 01:44:28 - INFO - utils - display_statistics - - Files processed: 1
2025-03-14 01:44:28 - INFO - utils - display_statistics - - Emails processed: 203
2025-03-14 01:44:28 - INFO - utils - display_statistics - - Processing speed: 31.69 emails/second
2025-03-14 01:44:28 - INFO - utils - display_statistics - - Total execution time: 6.41 seconds
2025-03-14 01:44:28 - INFO - utils - display_statistics - ==================================================
2025-03-14 01:48:01 - INFO - email_processor - process_mbox_files - Found 1 .mbox files to process
2025-03-14 01:48:08 - INFO - email_processor - process_mbox_files - Inserted 0 emails from data/Stone Legal Archive.mbox
2025-03-14 01:48:08 - INFO - utils - display_statistics - ==================================================
2025-03-14 01:48:08 - INFO - utils - display_statistics - Processing Statistics:
2025-03-14 01:48:08 - INFO - utils - display_statistics - - Files processed: 1
2025-03-14 01:48:08 - INFO - utils - display_statistics - - Emails processed: 203
2025-03-14 01:48:08 - INFO - utils - display_statistics - - Processing speed: 31.24 emails/second
2025-03-14 01:48:08 - INFO - utils - display_statistics - - Total execution time: 6.50 seconds
2025-03-14 01:48:08 - INFO - utils - display_statistics - ==================================================
2025-03-14 02:37:50 - INFO - email_processor - process_mbox_files - Found 1 .mbox files to process
2025-03-14 02:37:57 - INFO - email_processor - process_mbox_files - Inserted 0 emails from data/Stone Legal Archive.mbox
2025-03-14 02:37:57 - INFO - utils - display_statistics - ==================================================
2025-03-14 02:37:57 - INFO - utils - display_statistics - Processing Statistics:
2025-03-14 02:37:57 - INFO - utils - display_statistics - - Files processed: 1
2025-03-14 02:37:57 - INFO - utils - display_statistics - - Emails processed: 203
2025-03-14 02:37:57 - INFO - utils - display_statistics - - Processing speed: 31.33 emails/second
2025-03-14 02:37:57 - INFO - utils - display_statistics - - Total execution time: 6.48 seconds
2025-03-14 02:37:57 - INFO - utils - display_statistics - ==================================================
2025-03-14 02:57:54 - INFO - email_processor - process_mbox_files - Found 1 .mbox files to process
2025-03-14 02:58:01 - INFO - email_processor - process_mbox_files - Inserted 0 emails from data/Stone Legal Archive.mbox
2025-03-14 02:58:01 - INFO - utils - display_statistics - ==================================================
2025-03-14 02:58:01 - INFO - utils - display_statistics - Processing Statistics:
2025-03-14 02:58:01 - INFO - utils - display_statistics - - Files processed: 1
2025-03-14 02:58:01 - INFO - utils - display_statistics - - Emails processed: 203
2025-03-14 02:58:01 - INFO - utils - display_statistics - - Processing speed: 31.40 emails/second
2025-03-14 02:58:01 - INFO - utils - display_statistics - - Total execution time: 6.47 seconds
2025-03-14 02:58:01 - INFO - utils - display_statistics - ==================================================
2025-03-14 02:58:14 - INFO - email_processor - process_mbox_files - Found 1 .mbox files to process
2025-03-14 02:58:20 - INFO - email_processor - process_mbox_files - Inserted 0 emails from data/Stone Legal Archive.mbox
2025-03-14 02:58:20 - INFO - utils - display_statistics - ==================================================
2025-03-14 02:58:20 - INFO - utils - display_statistics - Processing Statistics:
2025-03-14 02:58:20 - INFO - utils - display_statistics - - Files processed: 1
2025-03-14 02:58:20 - INFO - utils - display_statistics - - Emails processed: 203
2025-03-14 02:58:20 - INFO - utils - display_statistics - - Processing speed: 32.37 emails/second
2025-03-14 02:58:20 - INFO - utils - display_statistics - - Total execution time: 6.27 seconds
2025-03-14 02:58:20 - INFO - utils - display_statistics - ==================================================
2025-03-14 03:08:18 - INFO - email_processor - process_mbox_files - Found 1 .mbox files to process
2025-03-14 03:08:25 - INFO - email_processor - process_mbox_files - Inserted 0 emails from data/Stone Legal Archive.mbox
2025-03-14 03:08:25 - INFO - utils - display_statistics - ==================================================
2025-03-14 03:08:25 - INFO - utils - display_statistics - Processing Statistics:
2025-03-14 03:08:25 - INFO - utils - display_statistics - - Files processed: 1
2025-03-14 03:08:25 - INFO - utils - display_statistics - - Emails processed: 203
2025-03-14 03:08:25 - INFO - utils - display_statistics - - Processing speed: 31.04 emails/second
2025-03-14 03:08:25 - INFO - utils - display_statistics - - Total execution time: 6.54 seconds
2025-03-14 03:08:25 - INFO - utils - display_statistics - ==================================================
2025-03-14 03:09:29 - INFO - email_processor - process_mbox_files - Found 1 .mbox files to process
2025-03-14 03:09:35 - INFO - email_processor - process_mbox_files - Inserted 0 emails from data/Stone Legal Archive.mbox
2025-03-14 03:09:35 - INFO - utils - display_statistics - ==================================================
2025-03-14 03:09:35 - INFO - utils - display_statistics - Processing Statistics:
2025-03-14 03:09:35 - INFO - utils - display_statistics - - Files processed: 1
2025-03-14 03:09:35 - INFO - utils - display_statistics - - Emails processed: 203
2025-03-14 03:09:35 - INFO - utils - display_statistics - - Processing speed: 31.75 emails/second
2025-03-14 03:09:35 - INFO - utils - display_statistics - - Total execution time: 6.39 seconds
2025-03-14 03:09:35 - INFO - utils - display_statistics - ==================================================
2025-03-14 03:10:11 - INFO - email_processor - process_mbox_files - Found 1 .mbox files to process
2025-03-14 03:10:18 - INFO - email_processor - process_mbox_files - Inserted 0 emails from data/Stone Legal Archive.mbox
2025-03-14 03:10:18 - INFO - utils - display_statistics - ==================================================
2025-03-14 03:10:18 - INFO - utils - display_statistics - Processing Statistics:
2025-03-14 03:10:18 - INFO - utils - display_statistics - - Files processed: 1
2025-03-14 03:10:18 - INFO - utils - display_statistics - - Emails processed: 203
2025-03-14 03:10:18 - INFO - utils - display_statistics - - Processing speed: 31.81 emails/second
2025-03-14 03:10:18 - INFO - utils - display_statistics - - Total execution time: 6.38 seconds
2025-03-14 03:10:18 - INFO - utils - display_statistics - ==================================================
2025-03-14 03:10:25 - INFO - email_processor - process_mbox_files - Found 1 .mbox files to process
2025-03-14 03:10:31 - INFO - email_processor - process_mbox_files - Inserted 0 emails from data/Stone Legal Archive.mbox
2025-03-14 03:10:31 - INFO - utils - display_statistics - ==================================================
2025-03-14 03:10:31 - INFO - utils - display_statistics - Processing Statistics:
2025-03-14 03:10:31 - INFO - utils - display_statistics - - Files processed: 1
2025-03-14 03:10:31 - INFO - utils - display_statistics - - Emails processed: 203
2025-03-14 03:10:31 - INFO - utils - display_statistics - - Processing speed: 32.29 emails/second
2025-03-14 03:10:31 - INFO - utils - display_statistics - - Total execution time: 6.29 seconds
2025-03-14 03:10:31 - INFO - utils - display_statistics - ==================================================
2025-03-14 03:10:51 - INFO - email_processor - process_mbox_files - Found 1 .mbox files to process
2025-03-14 03:10:58 - INFO - email_processor - process_mbox_files - Inserted 0 emails from data/Stone Legal Archive.mbox
2025-03-14 03:10:58 - INFO - utils - display_statistics - ==================================================
2025-03-14 03:10:58 - INFO - utils - display_statistics - Processing Statistics:
2025-03-14 03:10:58 - INFO - utils - display_statistics - - Files processed: 1
2025-03-14 03:10:58 - INFO - utils - display_statistics - - Emails processed: 203
2025-03-14 03:10:58 - INFO - utils - display_statistics - - Processing speed: 32.10 emails/second
2025-03-14 03:10:58 - INFO - utils - display_statistics - - Total execution time: 6.32 seconds
2025-03-14 03:10:58 - INFO - utils - display_statistics - ==================================================
2025-03-14 03:16:04 - INFO - email_processor - process_mbox_files - Found 1 .mbox files to process
2025-03-14 03:16:11 - INFO - email_processor - process_mbox_files - Inserted 0 emails from data/Stone Legal Archive.mbox
2025-03-14 03:16:11 - INFO - utils - display_statistics - ==================================================
2025-03-14 03:16:11 - INFO - utils - display_statistics - Processing Statistics:
2025-03-14 03:16:11 - INFO - utils - display_statistics - - Files processed: 1
2025-03-14 03:16:11 - INFO - utils - display_statistics - - Emails processed: 203
2025-03-14 03:16:11 - INFO - utils - display_statistics - - Processing speed: 31.69 emails/second
2025-03-14 03:16:11 - INFO - utils - display_statistics - - Total execution time: 6.41 seconds
2025-03-14 03:16:11 - INFO - utils - display_statistics - ==================================================
2025-03-15 17:23:05 - INFO - email_processor - process_mbox_files - Found 1 .mbox files to process
2025-03-15 17:23:05 - INFO - email_processor - process_mbox_files - Processing file: data/Stone Legal Archive.mbox
2025-03-15 17:23:05 - ERROR - email_processor - process_mbox_files - Error processing mbox file data/Stone Legal Archive.mbox: 'mbox' object does not support the context manager protocol
Traceback (most recent call last):
  File "/Users/Shared/stonev2.03/email_processor.py", line 82, in process_mbox_files
    with mailbox.mbox(mbox_file) as mbox:
         ~~~~~~~~~~~~^^^^^^^^^^^
TypeError: 'mbox' object does not support the context manager protocol
2025-03-15 17:23:05 - INFO - utils - display_statistics - ==================================================
2025-03-15 17:23:05 - INFO - utils - display_statistics - Processing Statistics:
2025-03-15 17:23:05 - INFO - utils - display_statistics - - Files processed: 0
2025-03-15 17:23:05 - INFO - utils - display_statistics - - Emails processed: 0
2025-03-15 17:23:05 - INFO - utils - display_statistics - - Total execution time: 0.01 seconds
2025-03-15 17:23:05 - INFO - utils - display_statistics - ==================================================
2025-03-15 17:44:12 - INFO - email_processor - process_mbox_files - Found 1 .mbox files to process
2025-03-15 17:44:12 - INFO - email_processor - process_mbox_files - Processing file: data/Stone Legal Archive.mbox
2025-03-15 17:44:14 - INFO - email_processor - process_mbox_batches - Processing mbox file in batches: data/Stone Legal Archive.mbox
2025-03-15 17:44:16 - INFO - email_processor - process_mbox_batches - Found 203 messages in data/Stone Legal Archive.mbox
2025-03-15 17:44:21 - INFO - email_processor - process_mbox_batches - Processed 203/203 emails (100.0%)
2025-03-15 17:44:21 - INFO - email_processor - process_mbox_files - Inserted 0 emails from batch
2025-03-15 17:44:21 - INFO - email_processor - process_mbox_batches - Closed mbox file: data/Stone Legal Archive.mbox
2025-03-15 17:44:21 - INFO - email_processor - process_mbox_files - Completed processing data/Stone Legal Archive.mbox: 0 of 203 emails processed
2025-03-15 17:44:21 - INFO - utils - display_statistics - ==================================================
2025-03-15 17:44:21 - INFO - utils - display_statistics - Processing Statistics:
2025-03-15 17:44:21 - INFO - utils - display_statistics - - Files processed: 1
2025-03-15 17:44:21 - INFO - utils - display_statistics - - Emails processed: 0
2025-03-15 17:44:21 - INFO - utils - display_statistics - - Total execution time: 8.67 seconds
2025-03-15 17:44:21 - INFO - utils - display_statistics - ==================================================
2025-03-15 18:03:15 - INFO - email_processor - process_mbox_files - Found 1 .mbox files to process
2025-03-15 18:03:15 - INFO - email_processor - process_mbox_files - Processing file: data/Stone Legal Archive.mbox
2025-03-15 18:03:17 - INFO - email_processor - process_mbox_batches - Processing mbox file in batches: data/Stone Legal Archive.mbox
2025-03-15 18:03:19 - INFO - email_processor - process_mbox_batches - Found 203 messages in data/Stone Legal Archive.mbox
2025-03-15 18:03:23 - INFO - email_processor - process_mbox_batches - Processed 203/203 emails (100.0%)
2025-03-15 18:03:23 - INFO - email_processor - process_mbox_files - Inserted 0 emails from batch
2025-03-15 18:03:23 - ERROR - email_processor - process_mbox_files - Error processing thread thread-8398496632262828363: name 'update_thread_info' is not defined
2025-03-15 18:03:23 - ERROR - email_processor - process_mbox_files - Error processing thread thread-7008195084873102168: name 'update_thread_info' is not defined
2025-03-15 18:03:23 - ERROR - email_processor - process_mbox_files - Error processing thread thread-8725461508343216050: name 'update_thread_info' is not defined
2025-03-15 18:03:23 - ERROR - email_processor - process_mbox_files - Error processing thread thread-8643005881864092521: name 'update_thread_info' is not defined
2025-03-15 18:03:23 - ERROR - email_processor - process_mbox_files - Error processing thread thread--3875985300268903586: name 'update_thread_info' is not defined
2025-03-15 18:03:23 - ERROR - email_processor - process_mbox_files - Error processing thread thread--4505381520008309375: name 'update_thread_info' is not defined
2025-03-15 18:03:23 - ERROR - email_processor - process_mbox_files - Error processing thread thread-668057993607222372: name 'update_thread_info' is not defined
2025-03-15 18:03:23 - ERROR - email_processor - process_mbox_files - Error processing thread thread-5451769242827071591: name 'update_thread_info' is not defined
2025-03-15 18:03:23 - ERROR - email_processor - process_mbox_files - Error processing thread thread-6374241226280291398: name 'update_thread_info' is not defined
2025-03-15 18:03:23 - ERROR - email_processor - process_mbox_files - Error processing thread thread-154799485090727198: name 'update_thread_info' is not defined
2025-03-15 18:03:23 - ERROR - email_processor - process_mbox_files - Error processing thread thread-5755610516662260725: name 'update_thread_info' is not defined
2025-03-15 18:03:23 - ERROR - email_processor - process_mbox_files - Error processing thread thread--5880655379788586648: name 'update_thread_info' is not defined
2025-03-15 18:03:23 - ERROR - email_processor - process_mbox_files - Error processing thread thread-6775278458678926507: name 'update_thread_info' is not defined
2025-03-15 18:03:23 - ERROR - email_processor - process_mbox_files - Error processing thread thread--4023332656699223384: name 'update_thread_info' is not defined
2025-03-15 18:03:23 - ERROR - email_processor - process_mbox_files - Error processing thread thread-5562543190789832411: name 'update_thread_info' is not defined
2025-03-15 18:03:23 - ERROR - email_processor - process_mbox_files - Error processing thread thread-8859061656160994567: name 'update_thread_info' is not defined
2025-03-15 18:03:23 - ERROR - email_processor - process_mbox_files - Error processing thread thread-1424046802283972949: name 'update_thread_info' is not defined
2025-03-15 18:03:23 - ERROR - email_processor - process_mbox_files - Error processing thread thread-7164428336954411072: name 'update_thread_info' is not defined
2025-03-15 18:03:23 - ERROR - email_processor - process_mbox_files - Error processing thread thread-4720060452448612138: name 'update_thread_info' is not defined
2025-03-15 18:03:23 - ERROR - email_processor - process_mbox_files - Error processing thread thread-5578046705113866760: name 'update_thread_info' is not defined
2025-03-15 18:03:23 - ERROR - email_processor - process_mbox_files - Error processing thread thread-8062280070464780737: name 'update_thread_info' is not defined
2025-03-15 18:03:23 - ERROR - email_processor - process_mbox_files - Error processing thread thread--6764312470450739122: name 'update_thread_info' is not defined
2025-03-15 18:03:23 - ERROR - email_processor - process_mbox_files - Error processing thread thread-4891782308116405787: name 'update_thread_info' is not defined
2025-03-15 18:03:23 - ERROR - email_processor - process_mbox_files - Error processing thread thread--5317130565941577362: name 'update_thread_info' is not defined
2025-03-15 18:03:23 - ERROR - email_processor - process_mbox_files - Error processing thread thread-1972340648658105842: name 'update_thread_info' is not defined
2025-03-15 18:03:23 - ERROR - email_processor - process_mbox_files - Error processing thread thread--4914738628161301188: name 'update_thread_info' is not defined
2025-03-15 18:03:23 - ERROR - email_processor - process_mbox_files - Error processing thread thread-3835752447635197342: name 'update_thread_info' is not defined
2025-03-15 18:03:23 - ERROR - email_processor - process_mbox_files - Error processing thread thread--4342108103701171437: name 'update_thread_info' is not defined
2025-03-15 18:03:23 - ERROR - email_processor - process_mbox_files - Error processing thread thread-2676096832243992668: name 'update_thread_info' is not defined
2025-03-15 18:03:23 - ERROR - email_processor - process_mbox_files - Error processing thread thread-3045149644469378959: name 'update_thread_info' is not defined
2025-03-15 18:03:23 - ERROR - email_processor - process_mbox_files - Error processing thread thread-2175525994600149334: name 'update_thread_info' is not defined
2025-03-15 18:03:23 - ERROR - email_processor - process_mbox_files - Error processing thread thread--537673919502972123: name 'update_thread_info' is not defined
2025-03-15 18:03:23 - ERROR - email_processor - process_mbox_files - Error processing thread thread--2304553543462732474: name 'update_thread_info' is not defined
2025-03-15 18:03:23 - ERROR - email_processor - process_mbox_files - Error processing thread thread-6337970803034620228: name 'update_thread_info' is not defined
2025-03-15 18:03:23 - ERROR - email_processor - process_mbox_files - Error processing thread thread-8348694789487552281: name 'update_thread_info' is not defined
2025-03-15 18:03:23 - ERROR - email_processor - process_mbox_files - Error processing thread thread--3497325769333161569: name 'update_thread_info' is not defined
2025-03-15 18:03:23 - ERROR - email_processor - process_mbox_files - Error processing thread thread-825664269561899266: name 'update_thread_info' is not defined
2025-03-15 18:03:23 - ERROR - email_processor - process_mbox_files - Error processing thread thread-5004256519913417356: name 'update_thread_info' is not defined
2025-03-15 18:03:23 - ERROR - email_processor - process_mbox_files - Error processing thread thread-5099051762341593878: name 'update_thread_info' is not defined
2025-03-15 18:03:23 - ERROR - email_processor - process_mbox_files - Error processing thread thread--4546307717869503592: name 'update_thread_info' is not defined
2025-03-15 18:03:23 - ERROR - email_processor - process_mbox_files - Error processing thread thread-4860984575973170902: name 'update_thread_info' is not defined
2025-03-15 18:03:23 - ERROR - email_processor - process_mbox_files - Error processing thread thread--2058586400668260370: name 'update_thread_info' is not defined
2025-03-15 18:03:23 - ERROR - email_processor - process_mbox_files - Error processing thread thread-1541646926258856300: name 'update_thread_info' is not defined
2025-03-15 18:03:23 - INFO - email_processor - process_mbox_batches - Closed mbox file: data/Stone Legal Archive.mbox
2025-03-15 18:03:23 - INFO - email_processor - process_mbox_files - Completed processing data/Stone Legal Archive.mbox: 0 of 203 emails processed
2025-03-15 18:03:23 - INFO - utils - display_statistics - ==================================================
2025-03-15 18:03:23 - INFO - utils - display_statistics - Processing Statistics:
2025-03-15 18:03:23 - INFO - utils - display_statistics - - Files processed: 1
2025-03-15 18:03:23 - INFO - utils - display_statistics - - Emails processed: 0
2025-03-15 18:03:23 - INFO - utils - display_statistics - - Total execution time: 8.62 seconds
2025-03-15 18:03:23 - INFO - utils - display_statistics - ==================================================
2025-03-15 19:09:55 - INFO - email_processor - process_mbox_files - Found 1 .mbox files to process
2025-03-15 19:09:55 - INFO - email_processor - process_mbox_files - Processing file: data/Stone Legal Archive.mbox
2025-03-15 19:09:57 - INFO - email_processor - process_mbox_batches - Processing mbox file in batches: data/Stone Legal Archive.mbox
2025-03-15 19:09:59 - INFO - email_processor - process_mbox_batches - Found 203 messages in data/Stone Legal Archive.mbox
2025-03-15 19:10:04 - INFO - email_processor - process_mbox_batches - Processed 203/203 emails (100.0%)
2025-03-15 19:10:04 - INFO - email_processor - process_mbox_files - Inserted 0 emails from batch
2025-03-15 19:10:04 - ERROR - email_processor - process_mbox_files - Error processing thread thread--122436866029988863: name 'update_thread_info' is not defined
2025-03-15 19:10:04 - ERROR - email_processor - process_mbox_files - Error processing thread thread--4087166954158981858: name 'update_thread_info' is not defined
2025-03-15 19:10:04 - ERROR - email_processor - process_mbox_files - Error processing thread thread--2802153838470553499: name 'update_thread_info' is not defined
2025-03-15 19:10:04 - ERROR - email_processor - process_mbox_files - Error processing thread thread-2609621955189717857: name 'update_thread_info' is not defined
2025-03-15 19:10:04 - ERROR - email_processor - process_mbox_files - Error processing thread thread--7862389473750412072: name 'update_thread_info' is not defined
2025-03-15 19:10:04 - ERROR - email_processor - process_mbox_files - Error processing thread thread-8672425065393547894: name 'update_thread_info' is not defined
2025-03-15 19:10:04 - ERROR - email_processor - process_mbox_files - Error processing thread thread--5780582777997218100: name 'update_thread_info' is not defined
2025-03-15 19:10:04 - ERROR - email_processor - process_mbox_files - Error processing thread thread-4450654962678061434: name 'update_thread_info' is not defined
2025-03-15 19:10:04 - ERROR - email_processor - process_mbox_files - Error processing thread thread-6168835089086579145: name 'update_thread_info' is not defined
2025-03-15 19:10:04 - ERROR - email_processor - process_mbox_files - Error processing thread thread-7073387692063987830: name 'update_thread_info' is not defined
2025-03-15 19:10:04 - ERROR - email_processor - process_mbox_files - Error processing thread thread--7705451247862045902: name 'update_thread_info' is not defined
2025-03-15 19:10:04 - ERROR - email_processor - process_mbox_files - Error processing thread thread-2404959006177557176: name 'update_thread_info' is not defined
2025-03-15 19:10:04 - ERROR - email_processor - process_mbox_files - Error processing thread thread-3203877136835280083: name 'update_thread_info' is not defined
2025-03-15 19:10:04 - ERROR - email_processor - process_mbox_files - Error processing thread thread-8643648017248147685: name 'update_thread_info' is not defined
2025-03-15 19:10:04 - ERROR - email_processor - process_mbox_files - Error processing thread thread--3566412335508551740: name 'update_thread_info' is not defined
2025-03-15 19:10:04 - ERROR - email_processor - process_mbox_files - Error processing thread thread-1497768555763024422: name 'update_thread_info' is not defined
2025-03-15 19:10:04 - ERROR - email_processor - process_mbox_files - Error processing thread thread-4580079108504631843: name 'update_thread_info' is not defined
2025-03-15 19:10:04 - ERROR - email_processor - process_mbox_files - Error processing thread thread--3386721318011841512: name 'update_thread_info' is not defined
2025-03-15 19:10:04 - ERROR - email_processor - process_mbox_files - Error processing thread thread--3482775487549896737: name 'update_thread_info' is not defined
2025-03-15 19:10:04 - ERROR - email_processor - process_mbox_files - Error processing thread thread-2748504235849555227: name 'update_thread_info' is not defined
2025-03-15 19:10:04 - ERROR - email_processor - process_mbox_files - Error processing thread thread-3817243722584280608: name 'update_thread_info' is not defined
2025-03-15 19:10:04 - ERROR - email_processor - process_mbox_files - Error processing thread thread-7873621621769320799: name 'update_thread_info' is not defined
2025-03-15 19:10:04 - ERROR - email_processor - process_mbox_files - Error processing thread thread-6163942879453906029: name 'update_thread_info' is not defined
2025-03-15 19:10:04 - ERROR - email_processor - process_mbox_files - Error processing thread thread-7681279819877153733: name 'update_thread_info' is not defined
2025-03-15 19:10:04 - ERROR - email_processor - process_mbox_files - Error processing thread thread-4306011925934894392: name 'update_thread_info' is not defined
2025-03-15 19:10:04 - ERROR - email_processor - process_mbox_files - Error processing thread thread--893642290111832908: name 'update_thread_info' is not defined
2025-03-15 19:10:04 - ERROR - email_processor - process_mbox_files - Error processing thread thread--8111955523262254137: name 'update_thread_info' is not defined
2025-03-15 19:10:04 - ERROR - email_processor - process_mbox_files - Error processing thread thread-1359766403166490102: name 'update_thread_info' is not defined
2025-03-15 19:10:04 - ERROR - email_processor - process_mbox_files - Error processing thread thread--3267656460792067416: name 'update_thread_info' is not defined
2025-03-15 19:10:04 - ERROR - email_processor - process_mbox_files - Error processing thread thread-747887708102880743: name 'update_thread_info' is not defined
2025-03-15 19:10:04 - ERROR - email_processor - process_mbox_files - Error processing thread thread--1646977588423692890: name 'update_thread_info' is not defined
2025-03-15 19:10:04 - ERROR - email_processor - process_mbox_files - Error processing thread thread--2879354037753753315: name 'update_thread_info' is not defined
2025-03-15 19:10:04 - ERROR - email_processor - process_mbox_files - Error processing thread thread--1541318268628470324: name 'update_thread_info' is not defined
2025-03-15 19:10:04 - ERROR - email_processor - process_mbox_files - Error processing thread thread--4474978677943730959: name 'update_thread_info' is not defined
2025-03-15 19:10:04 - ERROR - email_processor - process_mbox_files - Error processing thread thread--5679080753419452035: name 'update_thread_info' is not defined
2025-03-15 19:10:04 - ERROR - email_processor - process_mbox_files - Error processing thread thread-13215139208838946: name 'update_thread_info' is not defined
2025-03-15 19:10:04 - ERROR - email_processor - process_mbox_files - Error processing thread thread-5677506067372192588: name 'update_thread_info' is not defined
2025-03-15 19:10:04 - ERROR - email_processor - process_mbox_files - Error processing thread thread--1786957656943028668: name 'update_thread_info' is not defined
2025-03-15 19:10:04 - ERROR - email_processor - process_mbox_files - Error processing thread thread-5739319730738080298: name 'update_thread_info' is not defined
2025-03-15 19:10:04 - ERROR - email_processor - process_mbox_files - Error processing thread thread--3153293718932293930: name 'update_thread_info' is not defined
2025-03-15 19:10:04 - ERROR - email_processor - process_mbox_files - Error processing thread thread-3169884280516428962: name 'update_thread_info' is not defined
2025-03-15 19:10:04 - ERROR - email_processor - process_mbox_files - Error processing thread thread-3602525157067566954: name 'update_thread_info' is not defined
2025-03-15 19:10:04 - ERROR - email_processor - process_mbox_files - Error processing thread thread-3223630943835942971: name 'update_thread_info' is not defined
2025-03-15 19:10:04 - INFO - email_processor - process_mbox_batches - Closed mbox file: data/Stone Legal Archive.mbox
2025-03-15 19:10:04 - INFO - email_processor - process_mbox_files - Completed processing data/Stone Legal Archive.mbox: 0 of 203 emails processed
2025-03-15 19:10:04 - INFO - utils - display_statistics - ==================================================
2025-03-15 19:10:04 - INFO - utils - display_statistics - Processing Statistics:
2025-03-15 19:10:04 - INFO - utils - display_statistics - - Files processed: 1
2025-03-15 19:10:04 - INFO - utils - display_statistics - - Emails processed: 0
2025-03-15 19:10:04 - INFO - utils - display_statistics - - Total execution time: 8.60 seconds
2025-03-15 19:10:04 - INFO - utils - display_statistics - ==================================================
2025-03-15 19:13:12 - INFO - email_processor - process_mbox_files - Found 1 .mbox files to process
2025-03-15 19:13:12 - INFO - email_processor - process_mbox_files - Processing file: data/Stone Legal Archive.mbox
2025-03-15 19:13:14 - INFO - email_processor - process_mbox_batches - Processing mbox file in batches: data/Stone Legal Archive.mbox
2025-03-15 19:13:16 - INFO - email_processor - process_mbox_batches - Found 203 messages in data/Stone Legal Archive.mbox
2025-03-15 19:13:20 - INFO - email_processor - process_mbox_batches - Processed 203/203 emails (100.0%)
2025-03-15 19:13:20 - INFO - email_processor - process_mbox_files - Inserted 0 emails from batch
2025-03-15 19:13:20 - ERROR - email_processor - process_mbox_files - Error processing thread thread--6840419826240821500: name 'update_thread_info' is not defined
2025-03-15 19:13:20 - ERROR - email_processor - process_mbox_files - Error processing thread thread-5773082212924314272: name 'update_thread_info' is not defined
2025-03-15 19:13:20 - ERROR - email_processor - process_mbox_files - Error processing thread thread-1121769479246181650: name 'update_thread_info' is not defined
2025-03-15 19:13:20 - ERROR - email_processor - process_mbox_files - Error processing thread thread-4534530472496050299: name 'update_thread_info' is not defined
2025-03-15 19:13:20 - ERROR - email_processor - process_mbox_files - Error processing thread thread--4844974774671387: name 'update_thread_info' is not defined
2025-03-15 19:13:20 - ERROR - email_processor - process_mbox_files - Error processing thread thread-2540351637510743981: name 'update_thread_info' is not defined
2025-03-15 19:13:20 - ERROR - email_processor - process_mbox_files - Error processing thread thread-4305936183685022903: name 'update_thread_info' is not defined
2025-03-15 19:13:20 - ERROR - email_processor - process_mbox_files - Error processing thread thread--1394763072131747542: name 'update_thread_info' is not defined
2025-03-15 19:13:20 - ERROR - email_processor - process_mbox_files - Error processing thread thread-1199492170679316160: name 'update_thread_info' is not defined
2025-03-15 19:13:20 - ERROR - email_processor - process_mbox_files - Error processing thread thread-3788329962652840557: name 'update_thread_info' is not defined
2025-03-15 19:13:20 - ERROR - email_processor - process_mbox_files - Error processing thread thread-4009198202669146578: name 'update_thread_info' is not defined
2025-03-15 19:13:20 - ERROR - email_processor - process_mbox_files - Error processing thread thread-506741224316036433: name 'update_thread_info' is not defined
2025-03-15 19:13:20 - ERROR - email_processor - process_mbox_files - Error processing thread thread-3555452458844404658: name 'update_thread_info' is not defined
2025-03-15 19:13:20 - ERROR - email_processor - process_mbox_files - Error processing thread thread-2433756663270265337: name 'update_thread_info' is not defined
2025-03-15 19:13:20 - ERROR - email_processor - process_mbox_files - Error processing thread thread--1840884798509009219: name 'update_thread_info' is not defined
2025-03-15 19:13:20 - ERROR - email_processor - process_mbox_files - Error processing thread thread-510302604066097919: name 'update_thread_info' is not defined
2025-03-15 19:13:20 - ERROR - email_processor - process_mbox_files - Error processing thread thread--5463989229029030279: name 'update_thread_info' is not defined
2025-03-15 19:13:20 - ERROR - email_processor - process_mbox_files - Error processing thread thread-1404844205287558752: name 'update_thread_info' is not defined
2025-03-15 19:13:20 - ERROR - email_processor - process_mbox_files - Error processing thread thread--7803807915959200295: name 'update_thread_info' is not defined
2025-03-15 19:13:20 - ERROR - email_processor - process_mbox_files - Error processing thread thread-2031596924869394493: name 'update_thread_info' is not defined
2025-03-15 19:13:20 - ERROR - email_processor - process_mbox_files - Error processing thread thread--5669311924048921691: name 'update_thread_info' is not defined
2025-03-15 19:13:20 - ERROR - email_processor - process_mbox_files - Error processing thread thread--9039079066479685607: name 'update_thread_info' is not defined
2025-03-15 19:13:20 - ERROR - email_processor - process_mbox_files - Error processing thread thread-2203687073768196252: name 'update_thread_info' is not defined
2025-03-15 19:13:20 - ERROR - email_processor - process_mbox_files - Error processing thread thread--320511592175695438: name 'update_thread_info' is not defined
2025-03-15 19:13:20 - ERROR - email_processor - process_mbox_files - Error processing thread thread-4047849960918357158: name 'update_thread_info' is not defined
2025-03-15 19:13:20 - ERROR - email_processor - process_mbox_files - Error processing thread thread-261072845052095634: name 'update_thread_info' is not defined
2025-03-15 19:13:20 - ERROR - email_processor - process_mbox_files - Error processing thread thread-1909493654980204962: name 'update_thread_info' is not defined
2025-03-15 19:13:20 - ERROR - email_processor - process_mbox_files - Error processing thread thread--1527520111414481815: name 'update_thread_info' is not defined
2025-03-15 19:13:20 - ERROR - email_processor - process_mbox_files - Error processing thread thread-4928895155604022251: name 'update_thread_info' is not defined
2025-03-15 19:13:20 - ERROR - email_processor - process_mbox_files - Error processing thread thread--6152655739689722494: name 'update_thread_info' is not defined
2025-03-15 19:13:20 - ERROR - email_processor - process_mbox_files - Error processing thread thread--6856228485565407237: name 'update_thread_info' is not defined
2025-03-15 19:13:20 - ERROR - email_processor - process_mbox_files - Error processing thread thread-253563999033373303: name 'update_thread_info' is not defined
2025-03-15 19:13:20 - ERROR - email_processor - process_mbox_files - Error processing thread thread-6467024402271921322: name 'update_thread_info' is not defined
2025-03-15 19:13:20 - ERROR - email_processor - process_mbox_files - Error processing thread thread--3974684242765041590: name 'update_thread_info' is not defined
2025-03-15 19:13:20 - ERROR - email_processor - process_mbox_files - Error processing thread thread--1584544904750820207: name 'update_thread_info' is not defined
2025-03-15 19:13:20 - ERROR - email_processor - process_mbox_files - Error processing thread thread-3935522895281954466: name 'update_thread_info' is not defined
2025-03-15 19:13:20 - ERROR - email_processor - process_mbox_files - Error processing thread thread--6882018419137997767: name 'update_thread_info' is not defined
2025-03-15 19:13:20 - ERROR - email_processor - process_mbox_files - Error processing thread thread-6852089559045651871: name 'update_thread_info' is not defined
2025-03-15 19:13:20 - ERROR - email_processor - process_mbox_files - Error processing thread thread--3429290111587578243: name 'update_thread_info' is not defined
2025-03-15 19:13:20 - ERROR - email_processor - process_mbox_files - Error processing thread thread-1804622339586571411: name 'update_thread_info' is not defined
2025-03-15 19:13:20 - ERROR - email_processor - process_mbox_files - Error processing thread thread-4903702496527681005: name 'update_thread_info' is not defined
2025-03-15 19:13:20 - ERROR - email_processor - process_mbox_files - Error processing thread thread-6036234712802362660: name 'update_thread_info' is not defined
2025-03-15 19:13:20 - ERROR - email_processor - process_mbox_files - Error processing thread thread-1674156943230376069: name 'update_thread_info' is not defined
2025-03-15 19:13:20 - INFO - email_processor - process_mbox_batches - Closed mbox file: data/Stone Legal Archive.mbox
2025-03-15 19:13:20 - INFO - email_processor - process_mbox_files - Completed processing data/Stone Legal Archive.mbox: 0 of 203 emails processed
2025-03-15 19:13:20 - INFO - utils - display_statistics - ==================================================
2025-03-15 19:13:20 - INFO - utils - display_statistics - Processing Statistics:
2025-03-15 19:13:20 - INFO - utils - display_statistics - - Files processed: 1
2025-03-15 19:13:20 - INFO - utils - display_statistics - - Emails processed: 0
2025-03-15 19:13:20 - INFO - utils - display_statistics - - Total execution time: 8.70 seconds
2025-03-15 19:13:20 - INFO - utils - display_statistics - ==================================================
